1710512748835:help
1710513312074:hi -n bedirhan
1710513321386:hi -name bedir
1710513401243:hi --name emir
1710514069877:hi -n as
1710514076349:hi -name as
1710514081521:hi -n ases
1710514110963:hi -n
1710514115497:hi -n asdasdasdas
1710514439826:hi -n aas
1710514448479:hi -name as
1710514642089:hi -n as -s
1710519474163:pharmacy -c istanbul
1710519516538:pharmacy -c istanbul -d atasehir
1710519528073:pharmacy -c istanbul -d maltepe
1710519721652:pharmacy -c istanbul -d atasehir
1710520616421:pharmacy -c edirne -d merkez
1710525344060:inputs
1710525347434:bedirhan
1710525348904:balci
1710525452914:bedirhan
1710525455720:inputs
1710525463672:bedir
1710525464530:bal
1710525500356:inputs
1710525501728:bedir
1710525502659:bal
1710526215228:inputs
1710527693994:login
1710527696178:admin
1710527700974:inputs
1710527747183:pharmacy -c istanbul -district maltepe
1710527755121:balci
1710527806064:pharmacy -c istanbul -district maltepe balci
1710527810664:pharmacy -c istanbul -district maltepe
1710527815001:pharmacy -c istanbul --district maltepe balci
1710527829334:pharmacy -c istanbul -district maltepe
1710527838418:pharmacy -c istanbul --district maltepe
